0 info it worked if it ends with ok
1 verbose cli [ 'C:\\Program Files\\nodejs\\node.exe',
1 verbose cli   'C:\\Program Files\\nodejs\\node_modules\\npm\\bin\\npm-cli.js',
1 verbose cli   'run-script',
1 verbose cli   'start' ]
2 info using npm@3.10.8
3 info using node@v7.0.0
4 verbose run-script [ 'prestart', 'start', 'poststart' ]
5 info lifecycle hello-world@0.0.0~prestart: hello-world@0.0.0
6 silly lifecycle hello-world@0.0.0~prestart: no script for prestart, continuing
7 info lifecycle hello-world@0.0.0~start: hello-world@0.0.0
8 verbose lifecycle hello-world@0.0.0~start: unsafe-perm in lifecycle true
9 verbose lifecycle hello-world@0.0.0~start: PATH: C:\Program Files\nodejs\node_modules\npm\bin\node-gyp-bin;C:\Users\u6025245\IdeaProjects\HelloWorld\node_modules\.bin;C:\oraclexe\app\oracle\product\11.2.0\server\bin;;C:\Program Files (x86)\Oracle\Metadata Management\bin;C:\ProgramData\Oracle\Java\javapath;C:\oraclexe\app\oracle\product\11.2.0\server\bin;C:\Program Files (x86)\AMD APP\bin\x86_64;C:\Program Files (x86)\AMD APP\bin\x86;C:\windows\system32;C:\windows;C:\windows\System32\Wbem;C:\windows\System32\WindowsPowerShell\v1.0\;C:\Program Files (x86)\ATI Technologies\ATI.ACE\Core-Static;C:\Program Files (x86)\IBM\WebSphere MQ\bin64;C:\Program Files (x86)\IBM\WebSphere MQ\bin;C:\Program Files (x86)\IBM\WebSphere MQ\tools\c\samples\bin;%JAVA_HOME%\bin;C:\Program Files (x86)\MySQL\MySQL Utilities 1.4\;C:\Program Files (x86)\MySQL\MySQL Utilities 1.4\Doctrine extensions for PHP\;C:\Program Files (x86)\WinMerge;C:\Python27;C:\Users\u6025245\AppData\Local\Programs\Python\Python35-32;C:\Users\u6025245\AppData\Local\Programs\Python\Python35-32\Scripts;C:\OpenSSL-Win64\bin;C:\Program Files\Git\cmd;C:\Program Files\phantomjs-2.1.1-windows\bin\phantomjs.exe;C:\Program Files\nodejs\;C:\Program Files (x86)\Sennheiser\SoftphoneSDK\;C:\Program Files\Microsoft SQL Server\110\Tools\Binn\;C:\Program Files (x86)\Microsoft SDKs\TypeScript\1.0\;C:\Program Files\Microsoft SQL Server\120\Tools\Binn\;C:\Program Files\Java\jdk1.7.0_76\bin;C:\Program Files (x86)\Java\jre7\bin;C:\Users\u6025245\AppData\Roaming\npm
10 verbose lifecycle hello-world@0.0.0~start: CWD: C:\Users\u6025245\IdeaProjects\HelloWorld
11 silly lifecycle hello-world@0.0.0~start: Args: [ '/d /s /c', 'ng serve' ]
12 silly lifecycle hello-world@0.0.0~start: Returned: code: 1  signal: null
13 info lifecycle hello-world@0.0.0~start: Failed to exec start script
14 verbose stack Error: hello-world@0.0.0 start: `ng serve`
14 verbose stack Exit status 1
14 verbose stack     at EventEmitter.<anonymous> (C:\Program Files\nodejs\node_modules\npm\lib\utils\lifecycle.js:255:16)
14 verbose stack     at emitTwo (events.js:106:13)
14 verbose stack     at EventEmitter.emit (events.js:191:7)
14 verbose stack     at ChildProcess.<anonymous> (C:\Program Files\nodejs\node_modules\npm\lib\utils\spawn.js:40:14)
14 verbose stack     at emitTwo (events.js:106:13)
14 verbose stack     at ChildProcess.emit (events.js:191:7)
14 verbose stack     at maybeClose (internal/child_process.js:877:16)
14 verbose stack     at Process.ChildProcess._handle.onexit (internal/child_process.js:226:5)
15 verbose pkgid hello-world@0.0.0
16 verbose cwd C:\Users\u6025245\IdeaProjects\HelloWorld
17 error Windows_NT 6.1.7601
18 error argv "C:\\Program Files\\nodejs\\node.exe" "C:\\Program Files\\nodejs\\node_modules\\npm\\bin\\npm-cli.js" "run-script" "start"
19 error node v7.0.0
20 error npm  v3.10.8
21 error code ELIFECYCLE
22 error hello-world@0.0.0 start: `ng serve`
22 error Exit status 1
23 error Failed at the hello-world@0.0.0 start script 'ng serve'.
23 error Make sure you have the latest version of node.js and npm installed.
23 error If you do, this is most likely a problem with the hello-world package,
23 error not with npm itself.
23 error Tell the author that this fails on your system:
23 error     ng serve
23 error You can get information on how to open an issue for this project with:
23 error     npm bugs hello-world
23 error Or if that isn't available, you can get their info via:
23 error     npm owner ls hello-world
23 error There is likely additional logging output above.
24 verbose exit [ 1, true ]
